Log file open, 07/20/25 11:40:07
LogWindows: Enabling Tpause support
LogTrace: Initializing trace...
LogTrace: Finished trace initialization.
LogInit: Session CrashGUID >====================================================
         Session CrashGUID >   UECC-Windows-000D0C41491465DAF9C077986C51B871
         Session CrashGUID >====================================================
LogConfig: No local boot hotfix file found at: [../../../../../Github/SoulGame/SoulsGame/Saved/PersistentDownloadDir/HotfixForNextBoot.txt]
LogPluginManager: Mounting Engine plugin PlatformCrypto
LogInit: ExecutableName: UnrealPak.exe
LogInit: Build: ++UE5+Release-5.5-CL-40574608
LogInit: Platform=WindowsEditor
LogInit: MachineId=04f52e9f4bf34db9ed1769a7369c0466
LogInit: DeviceId=
LogInit: Engine Version: 5.5.4-40574608+++UE5+Release-5.5
LogInit: Compatible Engine Version: 5.5.0-37670630+++UE5+Release-5.5
LogInit: Net CL: 37670630
LogInit: OS: Windows 11 (24H2) [10.0.26100.4652] (), CPU: 13th Gen Intel(R) Core(TM) i7-13650HX, GPU: Intel(R) UHD Graphics
LogInit: Compiled (64-bit): Mar  7 2025 14:59:45
LogInit: Architecture: x64
LogInit: Compiled with Visual C++: 19.38.33130.00
LogInit: Build Configuration: Development
LogInit: Branch Name: ++UE5+Release-5.5
LogInit: Command Line: -CreateGlobalContainer=G:\Github\SoulGame\SoulsGame\Saved\StagedBuilds\Windows\SoulGame\Content\Paks\global.utoc -PackageStoreManifest=G:\Github\SoulGame\SoulsGame\Saved\Cooked\Windows\SoulGame\Metadata\packagestore.manifest -CookedDirectory=G:\Github\SoulGame\SoulsGame\Saved\Cooked\Windows -Commands="C:\Users\patri\AppData\Roaming\Unreal Engine\AutomationTool\Logs\G+Epic+games+UE_5.5\IoStoreCommands.txt" -ScriptObjects=G:\Github\SoulGame\SoulsGame\Saved\Cooked\Windows\SoulGame\Metadata\scriptobjects.bin -patchpaddingalign=2048 -compressionformats=Oodle -compresslevel=4 -compressmethod=Kraken -cryptokeys=G:\Github\SoulGame\SoulsGame\Saved\Cooked\Windows\SoulGame\Metadata\Crypto.json -compressionMinBytesSaved=1024 -compressionMinPercentSaved=5 -WriteBackMetadataToAssetRegistry=Disabled -nopak
LogInit: Base Directory: G:/Epic games/UE_5.5/Engine/Binaries/Win64/
LogInit: Allocator: Mimalloc
LogInit: Installed Engine Build: 1
LogInit: This binary is optimized with LTO: no, PGO: no, instrumented for PGO data collection: no
LogDevObjectVersion: Number of dev versions registered: 35
LogDevObjectVersion:   Dev-Blueprints (B0D832E4-1F89-4F0D-ACCF-7EB736FD4AA2): 10
LogDevObjectVersion:   Dev-Build (E1C64328-A22C-4D53-A36C-8E866417BD8C): 0
LogDevObjectVersion:   Dev-Core (375EC13C-06E4-48FB-B500-84F0262A717E): 4
LogDevObjectVersion:   Dev-Editor (E4B068ED-F494-42E9-A231-DA0B2E46BB41): 40
LogDevObjectVersion:   Dev-Framework (CFFC743F-43B0-4480-9391-14DF171D2073): 37
LogDevObjectVersion:   Dev-Mobile (B02B49B5-BB20-44E9-A304-32B752E40360): 3
LogDevObjectVersion:   Dev-Networking (A4E4105C-59A1-49B5-A7C5-40C4547EDFEE): 0
LogDevObjectVersion:   Dev-Online (39C831C9-5AE6-47DC-9A44-9C173E1C8E7C): 0
LogDevObjectVersion:   Dev-Physics (78F01B33-EBEA-4F98-B9B4-84EACCB95AA2): 20
LogDevObjectVersion:   Dev-Platform (6631380F-2D4D-43E0-8009-CF276956A95A): 0
LogDevObjectVersion:   Dev-Rendering (12F88B9F-8875-4AFC-A67C-D90C383ABD29): 49
LogDevObjectVersion:   Dev-Sequencer (7B5AE74C-D270-4C10-A958-57980B212A5A): 13
LogDevObjectVersion:   Dev-VR (D7296918-1DD6-4BDD-9DE2-64A83CC13884): 3
LogDevObjectVersion:   Dev-LoadTimes (C2A15278-BFE7-4AFE-6C17-90FF531DF755): 1
LogDevObjectVersion:   Private-Geometry (6EACA3D4-40EC-4CC1-B786-8BED09428FC5): 3
LogDevObjectVersion:   Dev-AnimPhys (29E575DD-E0A3-4627-9D10-D276232CDCEA): 17
LogDevObjectVersion:   Dev-Anim (AF43A65D-7FD3-4947-9873-3E8ED9C1BB05): 15
LogDevObjectVersion:   Dev-ReflectionCapture (6B266CEC-1EC7-4B8F-A30B-E4D90942FC07): 1
LogDevObjectVersion:   Dev-Automation (0DF73D61-A23F-47EA-B727-89E90C41499A): 1
LogDevObjectVersion:   FortniteMain (601D1886-AC64-4F84-AA16-D3DE0DEAC7D6): 170
LogDevObjectVersion:   FortniteValkyrie (8DBC2C5B-54A7-43E0-A768-FCBB7DA29060): 8
LogDevObjectVersion:   FortniteSeason (5B4C06B7-2463-4AF8-805B-BF70CDF5D0DD): 13
LogDevObjectVersion:   FortniteRelease (E7086368-6B23-4C58-8439-1B7016265E91): 15
LogDevObjectVersion:   Dev-Enterprise (9DFFBCD6-494F-0158-E221-12823C92A888): 10
LogDevObjectVersion:   Dev-Niagara (F2AED0AC-9AFE-416F-8664-AA7FFA26D6FC): 1
LogDevObjectVersion:   Dev-Destruction (174F1F0B-B4C6-45A5-B13F-2EE8D0FB917D): 10
LogDevObjectVersion:   Dev-Physics-Ext (35F94A83-E258-406C-A318-09F59610247C): 41
LogDevObjectVersion:   Dev-PhysicsMaterial-Chaos (B68FC16E-8B1B-42E2-B453-215C058844FE): 1
LogDevObjectVersion:   Dev-CineCamera (B2E18506-4273-CFC2-A54E-F4BB758BBA07): 1
LogDevObjectVersion:   Dev-VirtualProduction (64F58936-FD1B-42BA-BA96-7289D5D0FA4E): 1
LogDevObjectVersion:   UE5-Main (697DD581-E64F-41AB-AA4A-51ECBEB7B628): 119
LogDevObjectVersion:   UE5-Release (D89B5E42-24BD-4D46-8412-ACA8DF641779): 51
LogDevObjectVersion:   UE5-PrivateFrosty (59DA5D52-1232-4948-B878-597870B8E98B): 8
LogDevObjectVersion:   Dev-MediaFramework (6F0ED827-A609-4895-9C91-998D90180EA4): 2
LogDevObjectVersion:   Dev-NaniteResearch (30D58BE3-95EA-4282-A6E3-B159D8EBB06A): 1
LogConfig: Branch 'PlatformCrypto' had been unloaded. Reloading on-demand took 0.12ms
LogInit: Presizing for max 100000 objects, including 0 objects not considered by GC.
LogInit: Object subsystem initialized
LogConfig: Applying CVar settings from Section [Startup] File [../../../Engine/Config/ConsoleVariables.ini]
LogConfig: CVar [[r.DumpShaderDebugInfo:2]] deferred - dummy variable created
LogConfig: CVar [[p.chaos.AllowCreatePhysxBodies:1]] deferred - dummy variable created
LogConfig: CVar [[fx.SkipVectorVMBackendOptimizations:1]] deferred - dummy variable created
LogConfig: CVar [[ds.CADTranslator.Meshing.ActivateThinZoneMeshing:0]] deferred - dummy variable created
LogConfig: CVar [[ds.CADTranslator.Stitching.RemoveThinFaces:0]] deferred - dummy variable created
LogConfig: Applying CVar settings from Section [Startup_Windows] File [../../../Engine/Config/ConsoleVariables.ini]
LogConfig: Applying CVar settings from Section [ConsoleVariables] File [Engine]
LogConfig: Set CVar [[memory.MemoryPressureCriticalThresholdMB:512]]
[2025.07.20-16.40.07:359][  0]LogInit: Computer: DESKTOP-PC-2305
[2025.07.20-16.40.07:359][  0]LogInit: User: patri
[2025.07.20-16.40.07:359][  0]LogInit: CPU Page size=4096, Cores=14
[2025.07.20-16.40.07:359][  0]LogInit: High frequency timer resolution =10.000000 MHz
[2025.07.20-16.40.07:612][  0]LogMemory: Process is running as part of a Windows Job with separate resource limits
[2025.07.20-16.40.07:612][  0]LogMemory: Memory total: Physical=15.7GB (16GB approx) Virtual=33.7GB
[2025.07.20-16.40.07:612][  0]LogMemory: Platform Memory Stats for WindowsEditor
[2025.07.20-16.40.07:612][  0]LogMemory: Process Physical Memory: 64.92 MB used, 65.69 MB peak
[2025.07.20-16.40.07:612][  0]LogMemory: Process Virtual Memory: 135.88 MB used, 135.88 MB peak
[2025.07.20-16.40.07:612][  0]LogMemory: Physical Memory: 8185.31 MB used,  7883.39 MB free, 16068.70 MB total
[2025.07.20-16.40.07:612][  0]LogMemory: Virtual Memory: 21842.88 MB used,  12657.83 MB free, 34500.70 MB total
[2025.07.20-16.40.07:618][  0]LogAssetRegistry: FAssetRegistry took 0.0001 seconds to start up
[2025.07.20-16.40.07:619][  0]LogUObjectArray: 438 objects as part of root set at end of initial load.
[2025.07.20-16.40.07:619][  0]LogUObjectArray: CloseDisregardForGC: 0/0 objects in disregard for GC pool
[2025.07.20-16.40.07:619][  0]LogInit: Using OS detected language ().
[2025.07.20-16.40.07:619][  0]LogInit: Using OS detected locale ().
[2025.07.20-16.40.07:619][  0]LogTextLocalizationManager: No localization for '' exists, so 'en' will be used for the language.
[2025.07.20-16.40.07:619][  0]LogTextLocalizationManager: No localization for '' exists, so 'en' will be used for the locale.
[2025.07.20-16.40.07:619][  0]LogInit: Using OS detected language ().
[2025.07.20-16.40.07:619][  0]LogInit: Using OS detected locale ().
[2025.07.20-16.40.07:619][  0]LogTextLocalizationManager: No localization for '' exists, so 'en' will be used for the language.
[2025.07.20-16.40.07:619][  0]LogTextLocalizationManager: No localization for '' exists, so 'en' will be used for the locale.
[2025.07.20-16.40.07:620][  0]LogPakFile: Display: ProjectDir: ../../../../../Github/SoulGame/SoulsGame/
[2025.07.20-16.40.07:622][  0]LogIoStore: Display: ==================== IoStore Utils ====================
[2025.07.20-16.40.07:627][  0]LogIoStore: Display: Parsing crypto keys from a crypto key cache file 'G:\Github\SoulGame\SoulsGame\Saved\Cooked\Windows\SoulGame\Metadata\Crypto.json'
[2025.07.20-16.40.07:638][  0]LogIoStore: Display: Container signing - DISABLED
[2025.07.20-16.40.07:639][  0]LogIoStore: Display: Directory index - ENABLED
[2025.07.20-16.40.07:639][  0]LogIoStore: Display: Using compression format 'Oodle'
[2025.07.20-16.40.07:639][  0]LogIoStore: Display: Using memory mapping alignment '16384'
[2025.07.20-16.40.07:639][  0]LogIoStore: Display: Using compression block size '65536'
[2025.07.20-16.40.07:639][  0]LogIoStore: Display: Using compression block alignment '2048'
[2025.07.20-16.40.07:639][  0]LogIoStore: Display: Using compression min bytes saved '1024'
[2025.07.20-16.40.07:639][  0]LogIoStore: Display: Using compression min percent saved '5'
[2025.07.20-16.40.07:639][  0]LogIoStore: Display: Using max partition size '0'
[2025.07.20-16.40.07:639][  0]LogIoStore: Display: Not using DDC for compression
[2025.07.20-16.40.07:639][  0]LogIoStore: Display: Using command list file: 'C:\Users\patri\AppData\Roaming\Unreal Engine\AutomationTool\Logs\G+Epic+games+UE_5.5\IoStoreCommands.txt'
[2025.07.20-16.40.07:643][  0]LogIoStore: Display: Selected Oodle level 4 (Normal) from command line for shaders
[2025.07.20-16.40.07:646][  0]LogIoStore: Display: Fetched 1383 oplog items from Manifest in 0.00 seconds
[2025.07.20-16.40.07:653][  0]LogIoStore: Display: Parsed 1383 oplog items 0.01 seconds, 2052 chunks
[2025.07.20-16.40.07:659][  0]LogIoStore: Display: Using input asset registry: G:/Github/SoulGame/SoulsGame/Saved/Cooked/Windows/SoulGame/Metadata/DevelopmentAssetRegistry.bin
[2025.07.20-16.40.07:681][  0]LogIoStore: Display: Loaded 694 chunk hashes from AssetRegistry in 0.03 seconds, 694 hashes updated in 0.00 seconds
[2025.07.20-16.40.07:685][  0]LogIoStore: Display: Searching for cooked assets in folder 'G:\Github\SoulGame\SoulsGame\Saved\Cooked\Windows'
[2025.07.20-16.40.07:703][  0]LogIoStore: Display: Found '3418' files
[2025.07.20-16.40.07:710][  0]LogIoStore: Display: Creating container targets...
[2025.07.20-16.40.07:717][  0]OodleDataCompression: Display: Oodle v2.9.12 format for pak/iostore with method=Kraken, level=4=Normal
[2025.07.20-16.40.07:749][  0]LogIoStore: Display: Parsing packages...
[2025.07.20-16.40.07:750][  0]LogIoStore: Display: Reading package assets...
[2025.07.20-16.40.07:774][  0]LogIoStore: Display: Reading 1000/1358: 'G:/Github/SoulGame/SoulsGame/Saved/Cooked/Windows/SoulGame/Content/Sound_Effect/Enemy_hit_3.uasset'
[2025.07.20-16.40.07:783][  0]LogIoStore: Display: Packages read 1,358 files in 0.03 seconds, 3,405,028 total bytes, 106,093,486 bytes per second
[2025.07.20-16.40.07:792][  0]LogIoStore: Display: Processing shader libraries, compressing with Oodle Mermaid, level 4 (Normal)
[2025.07.20-16.40.07:811][  0]LogShaderLibrary: Display: Created IoStoreShaderArchive header: shaders grouped in 360 groups (135 of them didn't need new indices), average uncompressed size 155800 bytes, min 249 bytes, max 1047981 bytes (r.ShaderCodeLibrary.MaxShaderGroupSize=1048576)
[2025.07.20-16.40.07:887][  0]LogIoStore: Display: Global-PCD3D_SM5(PCD3D_SM5): Recompressed 3915 shaders as 360 groups. Library size changed from 12619 KB (4.34 : 1 ratio) to 5556 KB (9.86 : 1 ratio), 44.03% of previous.
[2025.07.20-16.40.07:951][  0]LogShaderLibrary: Display: Created IoStoreShaderArchive header: shaders grouped in 542 groups (183 of them didn't need new indices), average uncompressed size 211303 bytes, min 1249 bytes, max 1045875 bytes (r.ShaderCodeLibrary.MaxShaderGroupSize=1048576)
[2025.07.20-16.40.08:461][  0]LogIoStore: Display: Global-PCD3D_SM6(PCD3D_SM6): Recompressed 7584 shaders as 542 groups. Library size changed from 85603 KB (1.31 : 1 ratio) to 48196 KB (2.32 : 1 ratio), 56.30% of previous.
[2025.07.20-16.40.08:468][  0]LogShaderLibrary: Display: Created IoStoreShaderArchive header: shaders grouped in 244 groups (93 of them didn't need new indices), average uncompressed size 63550 bytes, min 490 bytes, max 983034 bytes (r.ShaderCodeLibrary.MaxShaderGroupSize=1048576)
[2025.07.20-16.40.08:490][  0]LogIoStore: Display: SoulGame-PCD3D_SM5(PCD3D_SM5): Recompressed 1429 shaders as 244 groups. Library size changed from 4279 KB (3.54 : 1 ratio) to 1916 KB (7.90 : 1 ratio), 44.79% of previous.
[2025.07.20-16.40.08:502][  0]LogShaderLibrary: Display: Created IoStoreShaderArchive header: shaders grouped in 271 groups (66 of them didn't need new indices), average uncompressed size 126093 bytes, min 2342 bytes, max 986020 bytes (r.ShaderCodeLibrary.MaxShaderGroupSize=1048576)
[2025.07.20-16.40.08:619][  0]LogIoStore: Display: SoulGame-PCD3D_SM6(PCD3D_SM6): Recompressed 2754 shaders as 271 groups. Library size changed from 25538 KB (1.31 : 1 ratio) to 16809 KB (1.99 : 1 ratio), 65.82% of previous.
[2025.07.20-16.40.08:623][  0]LogIoStore: Display: Shaders processed in 0.83 seconds
[2025.07.20-16.40.08:623][  0]LogIoStore: Display: Initialized WriteRequestManager with MaxConcurrentSourceReads=10 (20 cores), MaxSourceBufferMemory=3072MiB
[2025.07.20-16.40.08:625][  0]LogIoStore: Display: Processing redirects...
[2025.07.20-16.40.08:626][  0]LogIoStore: Display: Creating disk layout...
[2025.07.20-16.40.08:627][  0]LogIoStore: Display: Ordered 1358 packages using fallback bundle order
[2025.07.20-16.40.08:636][  0]LogIoStore: Display: Serializing container(s)...
[2025.07.20-16.40.10:654][  0]LogIoStore: Display: Writing chunks 2930/3473... [1511 compressed] [7180 compression tasks] [Physical: 3140 MiB, Virtual: 5852 MiB]
[2025.07.20-16.40.12:663][  0]LogIoStore: Display: Writing chunks 3102/3473... [1683 compressed] [3918 compression tasks] [Physical: 2736 MiB, Virtual: 4766 MiB]
[2025.07.20-16.40.14:372][  0]LogIoStore: Display: Writing and compressing took 5.46 seconds, writes to disk took 1.94 seconds for 1,581,127,040 bytes @ 813,821,228 bytes per second.
[2025.07.20-16.40.14:374][  0]LogIoStore: Display: global: Found perfect hashmap for 1 items.
[2025.07.20-16.40.14:375][  0]LogIoStore: Display: SoulGame-Windows: Found perfect hashmap for 3472 items.
[2025.07.20-16.40.14:391][  0]LogIoStore: Display: Finalize took 0.0 seconds for 2 writers to write 873,160 bytes, 46,053,471 bytes per second
[2025.07.20-16.40.14:392][  0]LogIoStore: Display: Writing tocs... [Physical: 2206 MiB, Virtual: 3902 MiB]
[2025.07.20-16.40.14:392][  0]LogIoStore: Display: 694 / 3,473 hashes were loaded from the hash database, by type:
[2025.07.20-16.40.14:393][  0]LogIoStore: Display:     BulkData                   694
[2025.07.20-16.40.14:393][  0]LogIoStore: Display: 2,052 / 3,473 chunks attempted to compress, by type:
[2025.07.20-16.40.14:393][  0]LogIoStore: Display:     ExportBundleData           1,358 / 1,358
[2025.07.20-16.40.14:393][  0]LogIoStore: Display:     BulkData                   694 / 694
[2025.07.20-16.40.14:393][  0]LogIoStore: Display:     ScriptObjects              0 / 1
[2025.07.20-16.40.14:393][  0]LogIoStore: Display:     ContainerHeader            0 / 1
[2025.07.20-16.40.14:393][  0]LogIoStore: Display:     ShaderCodeLibrary          0 / 4
[2025.07.20-16.40.14:393][  0]LogIoStore: Display:     ShaderCode                 0 / 1,415
[2025.07.20-16.40.14:393][  0]LogIoStore: Display: Source bytes read:
[2025.07.20-16.40.14:393][  0]LogIoStore: Display:     Zen:                                  0
[2025.07.20-16.40.14:393][  0]LogIoStore: Display:     Loose File:               3,470,055,602
[2025.07.20-16.40.14:394][  0]LogIoStore: Display:         ExportBundleData        724,639,784 bytes over 2,716 reads
[2025.07.20-16.40.14:394][  0]LogIoStore: Display:         BulkData               2,745,415,818 bytes over 694 reads
[2025.07.20-16.40.14:394][  0]LogIoStore: Display:     Memory:                     149,715,054
[2025.07.20-16.40.14:394][  0]LogIoStore: Display:         ShaderCodeLibrary         1,282,304 bytes over 8 reads
[2025.07.20-16.40.14:394][  0]LogIoStore: Display:         ShaderCode              148,432,750 bytes over 2,830 reads
[2025.07.20-16.40.14:394][  0]LogIoStore: Display: Calculating stats...
[2025.07.20-16.40.14:394][  0]LogIoStore: Display: 
[2025.07.20-16.40.14:394][  0]LogIoStore: Display: Container Summary
[2025.07.20-16.40.14:394][  0]LogIoStore: Display: ==================
[2025.07.20-16.40.14:394][  0]LogIoStore: Display: 
[2025.07.20-16.40.14:394][  0]LogIoStore: Display: Container                                               Flags      Chunk(s) #       TOC (KiB)       Raw Size (MiB)           Size (MiB)
[2025.07.20-16.40.14:394][  0]LogIoStore: Display: ----------------------------------------------------------------------------------------------------------------------------------------------
[2025.07.20-16.40.14:394][  0]LogIoStore: Display: global                                              -/-/-/-/-               1            0.62                 2.29                 2.29 -
[2025.07.20-16.40.14:394][  0]LogIoStore: Display: SoulGame-Windows                                    C/-/-/I/-            3472          852.07              3040.19              1505.59 (50.48% Oodle)
[2025.07.20-16.40.14:395][  0]LogIoStore: Display: ----------------------------------------------------------------------------------------------------------------------------------------------
[2025.07.20-16.40.14:395][  0]LogIoStore: Display: Total                                                                    3473          852.70              3042.48              1507.88
[2025.07.20-16.40.14:395][  0]LogIoStore: Display: 
[2025.07.20-16.40.14:395][  0]LogIoStore: Display: ** Flags: (C)ompressed / (E)ncrypted / (S)igned) / (I)ndexed) / (O)nDemand **
[2025.07.20-16.40.14:395][  0]LogIoStore: Display: 
[2025.07.20-16.40.14:395][  0]LogIoStore: Display: Compression block padding:     2.64 MiB
[2025.07.20-16.40.14:395][  0]LogIoStore: Display: 
[2025.07.20-16.40.14:395][  0]LogIoStore: Display: Container Directory Index
[2025.07.20-16.40.14:395][  0]LogIoStore: Display: ==========================
[2025.07.20-16.40.14:395][  0]LogIoStore: Display: 
[2025.07.20-16.40.14:395][  0]LogIoStore: Display: Container                                          Size (KiB)
[2025.07.20-16.40.14:395][  0]LogIoStore: Display: ----------------------------------------------------------------------------------------------------------------------------------------------
[2025.07.20-16.40.14:395][  0]LogIoStore: Display: global                                                   0.00
[2025.07.20-16.40.14:395][  0]LogIoStore: Display: SoulGame-Windows                                        89.40
[2025.07.20-16.40.14:395][  0]LogIoStore: Display: 
[2025.07.20-16.40.14:395][  0]LogIoStore: Display: Container Patch Report
[2025.07.20-16.40.14:395][  0]LogIoStore: Display: ========================
[2025.07.20-16.40.14:395][  0]LogIoStore: Display: 
[2025.07.20-16.40.14:395][  0]LogIoStore: Display: Container                                             Total #       Modified #          Added #   Modified (MiB)      Added (MiB)
[2025.07.20-16.40.14:395][  0]LogIoStore: Display: ----------------------------------------------------------------------------------------------------------------------------------------------
[2025.07.20-16.40.14:395][  0]LogIoStore: Display: global                                                      1                0                0             0.00             0.00
[2025.07.20-16.40.14:395][  0]LogIoStore: Display: SoulGame-Windows                                         3472                0             3472             0.00          1502.95
[2025.07.20-16.40.14:395][  0]LogIoStore: Display: 
[2025.07.20-16.40.14:395][  0]LogIoStore: Display: PackageStore
[2025.07.20-16.40.14:395][  0]LogIoStore: Display: =============
[2025.07.20-16.40.14:395][  0]LogIoStore: Display: 
[2025.07.20-16.40.14:395][  0]LogIoStore: Display: Container                                          Size (KiB)      Packages #     Localized #
[2025.07.20-16.40.14:395][  0]LogIoStore: Display: ----------------------------------------------------------------------------------------------------------------------------------------------
[2025.07.20-16.40.14:395][  0]LogIoStore: Display: SoulGame-Windows                                           45            1358               0
[2025.07.20-16.40.14:395][  0]LogIoStore: Display: ----------------------------------------------------------------------------------------------------------------------------------------------
[2025.07.20-16.40.14:395][  0]LogIoStore: Display: Total                                                      45            1358               0
[2025.07.20-16.40.14:395][  0]LogIoStore: Display: 
[2025.07.20-16.40.14:395][  0]LogIoStore: Display: 
[2025.07.20-16.40.14:395][  0]LogIoStore: Display: Input:      1358 Packages
[2025.07.20-16.40.14:395][  0]LogIoStore: Display: Input:      0.34 GB UExp
[2025.07.20-16.40.14:395][  0]LogIoStore: Display: Input:      0.00 GB UAsset
[2025.07.20-16.40.14:395][  0]LogIoStore: Display: Input:      2.56 GB UBulk
[2025.07.20-16.40.14:395][  0]LogIoStore: Display: Input:     52.49 MB for 902 Global shaders
[2025.07.20-16.40.14:395][  0]LogIoStore: Display: Input:      2.69 MB for 223 Shared shaders
[2025.07.20-16.40.14:395][  0]LogIoStore: Display: Input:      0.00 MB for 0 Unique shaders
[2025.07.20-16.40.14:395][  0]LogIoStore: Display: Input:     15.60 MB for 290 Inline shaders
[2025.07.20-16.40.14:395][  0]LogIoStore: Display: 
[2025.07.20-16.40.14:395][  0]LogIoStore: Display: Output:    19407 Name map entries
[2025.07.20-16.40.14:395][  0]LogIoStore: Display: Output:     1955 Imported package entries
[2025.07.20-16.40.14:395][  0]LogIoStore: Display: Output:      735 Packages without imports
[2025.07.20-16.40.14:395][  0]LogIoStore: Display: Output:        0 Public runtime script objects
[2025.07.20-16.40.14:395][  0]LogIoStore: Display: Output:     0.00 GB HeaderData
[2025.07.20-16.40.14:395][  0]LogIoStore: Display: Output:     2.29 MB InitialLoadData
[2025.07.20-16.40.14:395][  0]LogIoStore: Display: 
[2025.07.20-16.40.14:399][  0]LogPakFile: Display: UnrealPak executed in 6.780467 seconds
[2025.07.20-16.40.14:405][  0]LogCore: Engine exit requested (reason: UnrealPak Exiting)
[2025.07.20-16.40.14:405][  0]LogExit: Preparing to exit.
[2025.07.20-16.40.14:405][  0]LogExit: Object subsystem successfully closed.
[2025.07.20-16.40.14:406][  0]LogPakFile: Destroying PakPlatformFile
[2025.07.20-16.40.14:408][  0]LogExit: Exiting.
[2025.07.20-16.40.14:417][  0]Log file closed, 07/20/25 11:40:14
